#
# There is insufficient memory for the Java Runtime Environment to continue.
# Native memory allocation (malloc) failed to allocate 578256 bytes for Chunk::new
# Possible reasons:
#   The system is out of physical RAM or swap space
#   The process is running with CompressedOops enabled, and the Java Heap may be blocking the growth of the native heap
# Possible solutions:
#   Reduce memory load on the system
#   Increase physical memory or swap space
#   Check if swap backing store is full
#   Decrease Java heap size (-Xmx/-Xms)
#   Decrease number of Java threads
#   Decrease Java thread stack sizes (-Xss)
#   Set larger code cache with -XX:ReservedCodeCacheSize=
#   JVM is running with Unscaled Compressed Oops mode in which the Java heap is
#     placed in the first 4GB address space. The Java Heap base address is the
#     maximum limit for the native heap growth. Please use -XX:HeapBaseMinAddress
#     to set the Java Heap base and to place the Java Heap above 4GB virtual address.
# This output file may be truncated or incomplete.
#
#  Out of Memory Error (allocation.cpp:389), pid=3404, tid=0x0000000000001d60
#
# JRE version: OpenJDK Runtime Environment (8.0_242-b01) (build 1.8.0_242-release-1644-b01)
# Java VM: OpenJDK 64-Bit Server VM (25.242-b01 mixed mode windows-amd64 compressed oops)
# Failed to write core dump. Minidumps are not enabled by default on client versions of Windows
#

---------------  T H R E A D  ---------------

Current thread (0x0000000059120000):  JavaThread "C2 CompilerThread0" daemon [_thread_in_native, id=7520, stack(0x000000005a720000,0x000000005a820000)]

Stack: [0x000000005a720000,0x000000005a820000]
[error occurred during error reporting (printing stack bounds), id 0xc0000005]

Native frames: (J=compiled Java code, j=interpreted, Vv=VM code, C=native code)


Current CompileTask:
C2:   5931 2817       4       java.io.WinNTFileSystem::normalize (143 bytes)


---------------  P R O C E S S  ---------------

Java Threads: ( => current thread )
  0x000000005d4b6800 JavaThread "Cache worker for execution history cache (C:\Users\Kirill\.gradle\caches\6.1.1\executionHistory)" [_thread_blocked, id=7232, stack(0x0000000063310000,0x0000000063410000)]
  0x000000005d4b6000 JavaThread "Cache worker for cache directory md-rule (C:\Users\Kirill\.gradle\caches\6.1.1\md-rule)" [_thread_blocked, id=6188, stack(0x0000000062f80000,0x0000000063080000)]
  0x000000005d4b5000 JavaThread "Cache worker for cache directory md-supplier (C:\Users\Kirill\.gradle\caches\6.1.1\md-supplier)" [_thread_blocked, id=7000, stack(0x0000000062df0000,0x0000000062ef0000)]
  0x000000005d4b4800 JavaThread "Cache worker for file hash cache (D:\AndroidProjects\Spy\.gradle\6.1.1\fileHashes)" [_thread_blocked, id=3508, stack(0x00000000634d0000,0x00000000635d0000)]
  0x000000005d4b3800 JavaThread "Cache worker for checksums cache (D:\AndroidProjects\Spy\.gradle\checksums)" [_thread_blocked, id=7924, stack(0x00000000631f0000,0x00000000632f0000)]
  0x000000005d4b3000 JavaThread "Cache worker for file hash cache (C:\Users\Kirill\.gradle\caches\6.1.1\fileHashes)" [_thread_blocked, id=2964, stack(0x000000005f810000,0x000000005f910000)]
  0x000000005d4b2000 JavaThread "File lock request listener" [_thread_in_native, id=8156, stack(0x000000005cd90000,0x000000005ce90000)]
  0x000000005d5db800 JavaThread "Cache worker for journal cache (C:\Users\Kirill\.gradle\caches\journal-1)" [_thread_blocked, id=7236, stack(0x000000005f540000,0x000000005f640000)]
  0x000000005b7cd000 JavaThread "Thread-9" [_thread_blocked, id=2308, stack(0x000000005f170000,0x000000005f270000)]
  0x000000005b7c8000 JavaThread "Stdin handler" [_thread_blocked, id=5172, stack(0x000000005ece0000,0x000000005ede0000)]
  0x000000005ba20800 JavaThread "Asynchronous log dispatcher for DefaultDaemonConnection: socket connection from /127.0.0.1:54251 to /127.0.0.1:54252" [_thread_blocked, id=5408, stack(0x000000005f000000,0x000000005f100000)]
  0x000000005ba1a000 JavaThread "Daemon worker" [_thread_in_native, id=1384, stack(0x000000005ee20000,0x000000005ef20000)]
  0x000000005d3ba800 JavaThread "Cancel handler" [_thread_blocked, id=7468, stack(0x000000005e530000,0x000000005e630000)]
  0x000000005ba61800 JavaThread "Handler for socket connection from /127.0.0.1:54251 to /127.0.0.1:54252" [_thread_in_native, id=4516, stack(0x000000005e9a0000,0x000000005eaa0000)]
  0x000000005ba69000 JavaThread "Daemon" [_thread_blocked, id=7768, stack(0x000000005e860000,0x000000005e960000)]
  0x000000005ba67000 JavaThread "Daemon periodic checks" [_thread_blocked, id=5020, stack(0x000000005e6a0000,0x000000005e7a0000)]
  0x000000005b9d4000 JavaThread "Incoming local TCP Connector on port 54251" [_thread_in_native, id=4856, stack(0x000000005e420000,0x000000005e520000)]
  0x000000005d3ca800 JavaThread "Daemon health stats" [_thread_blocked, id=7748, stack(0x000000005ded0000,0x000000005dfd0000)]
  0x00000000591b2000 JavaThread "Service Thread" daemon [_thread_blocked, id=8180, stack(0x000000005b2e0000,0x000000005b3e0000)]
  0x000000005914b000 JavaThread "C1 CompilerThread3" daemon [_thread_blocked, id=4384, stack(0x000000005b040000,0x000000005b140000)]
  0x000000005913a000 JavaThread "C2 CompilerThread2" daemon [_thread_in_native, id=7152, stack(0x000000005aeb0000,0x000000005afb0000)]
  0x0000000059127800 JavaThread "C2 CompilerThread1" daemon [_thread_in_native, id=5280, stack(0x000000005ad70000,0x000000005ae70000)]
=>0x0000000059120000 JavaThread "C2 CompilerThread0" daemon [_thread_in_native, id=7520, stack(0x000000005a720000,0x000000005a820000)]
  0x000000005911b000 JavaThread "Attach Listener" daemon [_thread_blocked, id=3520, stack(0x000000005ac70000,0x000000005ad70000)]
  0x0000000059118000 JavaThread "Signal Dispatcher" daemon [_thread_blocked, id=7328, stack(0x000000005ab60000,0x000000005ac60000)]
  0x00000000590f7000 JavaThread "Finalizer" daemon [_thread_blocked, id=4008, stack(0x000000005a9d0000,0x000000005aad0000)]
  0x0000000057ee9000 JavaThread "Reference Handler" daemon [_thread_blocked, id=5016, stack(0x000000005a8c0000,0x000000005a9c0000)]
  0x00000000022bf000 JavaThread "main" [_thread_blocked, id=1012, stack(0x00000000025a0000,0x00000000026a0000)]

Other Threads:
  0x0000000057ee8000 VMThread [stack: 0x000000005a5e0000,0x000000005a6e0000] [id=6568]
  0x00000000591b3800 WatcherThread [stack: 0x000000005b490000,0x000000005b590000] [id=700]

VM state:not at safepoint (normal execution)

VM Mutex/Monitor currently owned by a thread: None

heap address: 0x0000000080000000, size: 2048 MB, Compressed Oops mode: 32-bit
Narrow klass base: 0x0000000000000000, Narrow klass shift: 0
Compressed class space size: 1073741824 Address: 0x00000000174f0000

Heap:
 PSYoungGen      total 148992K, used 3188K [0x00000000d5580000, 0x00000000df600000, 0x0000000100000000)
  eden space 136192K, 2% used [0x00000000d5580000,0x00000000d589d248,0x00000000dda80000)
  from space 12800K, 0% used [0x00000000de780000,0x00000000de780000,0x00000000df400000)
  to   space 13312K, 0% used [0x00000000dda80000,0x00000000dda80000,0x00000000de780000)
 ParOldGen       total 82944K, used 16010K [0x0000000080000000, 0x0000000085100000, 0x00000000d5580000)
  object space 82944K, 19% used [0x0000000080000000,0x0000000080fa2a60,0x0000000085100000)
 Metaspace       used 34640K, capacity 35566K, committed 35752K, reserved 1079296K
  class space    used 4750K, capacity 4976K, committed 5040K, reserved 1048576K

Card table byte_map: [0x0000000011d30000,0x0000000012140000] byte_map_base: 0x0000000011930000

Marking Bits: (ParMarkBitMap*) 0x000000006483f030
 Begin Bits: [0x00000000130f0000, 0x00000000150f0000)
 End Bits:   [0x00000000150f0000, 0x00000000170f0000)

Polling page: 0x0000000000130000

CodeCache: size=245760Kb used=10655Kb max_used=10655Kb free=235104Kb
 bounds [0x0000000002970000, 0x00000000033e0000, 0x0000000011970000]
 total_blobs=3599 nmethods=2901 adapters=612
 compilation: enabled

Compilation events (10 events):
Event: 5.927 Thread 0x000000005914b000 2907       1       org.gradle.cache.internal.btree.BTreePersistentIndexedCache$DataBlock::getType (3 bytes)
Event: 5.927 Thread 0x000000005914b000 nmethod 2907 0x00000000033d9610 code [0x00000000033d9760, 0x00000000033d9870]
Event: 5.927 Thread 0x000000005914b000 2908       3       org.gradle.internal.component.external.model.maven.MavenDependencyDescriptor::isConstraint (16 bytes)
Event: 5.927 Thread 0x000000005914b000 nmethod 2908 0x00000000033d98d0 code [0x00000000033d9a20, 0x00000000033d9bd0]
Event: 5.927 Thread 0x000000005914b000 2909       3       com.google.common.collect.Sets::newLinkedHashSet (8 bytes)
Event: 5.928 Thread 0x000000005914b000 nmethod 2909 0x00000000033d9c50 code [0x00000000033d9e00, 0x00000000033da2a8]
Event: 5.928 Thread 0x000000005914b000 2911       3       com.google.common.collect.Lists::newLinkedList (8 bytes)
Event: 5.928 Thread 0x000000005914b000 nmethod 2911 0x00000000033da590 code [0x00000000033da720, 0x00000000033daa90]
Event: 5.928 Thread 0x000000005914b000 2910       1       org.gradle.api.internal.artifacts.ivyservice.ivyresolve.strategy.ExactVersionSelector::isDynamic (2 bytes)
Event: 5.928 Thread 0x000000005914b000 nmethod 2910 0x00000000033dac50 code [0x00000000033dada0, 0x00000000033daeb0]

GC Heap History (10 events):
Event: 3.846 GC heap before
{Heap before GC invocations=6 (full 1):
 PSYoungGen      total 47616K, used 6644K [0x00000000d5580000, 0x00000000dbc80000, 0x0000000100000000)
  eden space 40960K, 0% used [0x00000000d5580000,0x00000000d5580000,0x00000000d7d80000)
  from space 6656K, 99% used [0x00000000d7d80000,0x00000000d83fd040,0x00000000d8400000)
  to   space 11776K, 0% used [0x00000000db100000,0x00000000db100000,0x00000000dbc80000)
 ParOldGen       total 109568K, used 6708K [0x0000000080000000, 0x0000000086b00000, 0x00000000d5580000)
  object space 109568K, 6% used [0x0000000080000000,0x000000008068d170,0x0000000086b00000)
 Metaspace       used 20591K, capacity 21236K, committed 21296K, reserved 1067008K
  class space    used 2883K, capacity 3088K, committed 3120K, reserved 1048576K
Event: 3.886 GC heap after
Heap after GC invocations=6 (full 1):
 PSYoungGen      total 47616K, used 0K [0x00000000d5580000, 0x00000000dbc80000, 0x0000000100000000)
  eden space 40960K, 0% used [0x00000000d5580000,0x00000000d5580000,0x00000000d7d80000)
  from space 6656K, 0% used [0x00000000d7d80000,0x00000000d7d80000,0x00000000d8400000)
  to   space 11776K, 0% used [0x00000000db100000,0x00000000db100000,0x00000000dbc80000)
 ParOldGen       total 60416K, used 9378K [0x0000000080000000, 0x0000000083b00000, 0x00000000d5580000)
  object space 60416K, 15% used [0x0000000080000000,0x0000000080928a38,0x0000000083b00000)
 Metaspace       used 20591K, capacity 21236K, committed 21296K, reserved 1067008K
  class space    used 2883K, capacity 3088K, committed 3120K, reserved 1048576K
}
Event: 4.257 GC heap before
{Heap before GC invocations=7 (full 1):
 PSYoungGen      total 47616K, used 40960K [0x00000000d5580000, 0x00000000dbc80000, 0x0000000100000000)
  eden space 40960K, 100% used [0x00000000d5580000,0x00000000d7d80000,0x00000000d7d80000)
  from space 6656K, 0% used [0x00000000d7d80000,0x00000000d7d80000,0x00000000d8400000)
  to   space 11776K, 0% used [0x00000000db100000,0x00000000db100000,0x00000000dbc80000)
 ParOldGen       total 60416K, used 9378K [0x0000000080000000, 0x0000000083b00000, 0x00000000d5580000)
  object space 60416K, 15% used [0x0000000080000000,0x0000000080928a38,0x0000000083b00000)
 Metaspace       used 23301K, capacity 24004K, committed 24112K, reserved 1069056K
  class space    used 3331K, capacity 3582K, committed 3632K, reserved 1048576K
Event: 4.262 GC heap after
Heap after GC invocations=7 (full 1):
 PSYoungGen      total 80384K, used 3531K [0x00000000d5580000, 0x00000000db600000, 0x0000000100000000)
  eden space 75264K, 0% used [0x00000000d5580000,0x00000000d5580000,0x00000000d9f00000)
  from space 5120K, 68% used [0x00000000db100000,0x00000000db472cc8,0x00000000db600000)
  to   space 11776K, 0% used [0x00000000d9f00000,0x00000000d9f00000,0x00000000daa80000)
 ParOldGen       total 60416K, used 9386K [0x0000000080000000, 0x0000000083b00000, 0x00000000d5580000)
  object space 60416K, 15% used [0x0000000080000000,0x000000008092aa38,0x0000000083b00000)
 Metaspace       used 23301K, capacity 24004K, committed 24112K, reserved 1069056K
  class space    used 3331K, capacity 3582K, committed 3632K, reserved 1048576K
}
Event: 5.144 GC heap before
{Heap before GC invocations=8 (full 1):
 PSYoungGen      total 80384K, used 78795K [0x00000000d5580000, 0x00000000db600000, 0x0000000100000000)
  eden space 75264K, 100% used [0x00000000d5580000,0x00000000d9f00000,0x00000000d9f00000)
  from space 5120K, 68% used [0x00000000db100000,0x00000000db472cc8,0x00000000db600000)
  to   space 11776K, 0% used [0x00000000d9f00000,0x00000000d9f00000,0x00000000daa80000)
 ParOldGen       total 60416K, used 9386K [0x0000000080000000, 0x0000000083b00000, 0x00000000d5580000)
  object space 60416K, 15% used [0x0000000080000000,0x000000008092aa38,0x0000000083b00000)
 Metaspace       used 31719K, capacity 32472K, committed 32816K, reserved 1077248K
  class space    used 4312K, capacity 4546K, committed 4656K, reserved 1048576K
Event: 5.167 GC heap after
Heap after GC invocations=8 (full 1):
 PSYoungGen      total 87040K, used 9850K [0x00000000d5580000, 0x00000000df400000, 0x0000000100000000)
  eden space 75264K, 0% used [0x00000000d5580000,0x00000000d5580000,0x00000000d9f00000)
  from space 11776K, 83% used [0x00000000d9f00000,0x00000000da89eb70,0x00000000daa80000)
  to   space 12800K, 0% used [0x00000000de780000,0x00000000de780000,0x00000000df400000)
 ParOldGen       total 60416K, used 9394K [0x0000000080000000, 0x0000000083b00000, 0x00000000d5580000)
  object space 60416K, 15% used [0x0000000080000000,0x000000008092ca38,0x0000000083b00000)
 Metaspace       used 31719K, capacity 32472K, committed 32816K, reserved 1077248K
  class space    used 4312K, capacity 4546K, committed 4656K, reserved 1048576K
}
Event: 5.749 GC heap before
{Heap before GC invocations=9 (full 1):
 PSYoungGen      total 87040K, used 75328K [0x00000000d5580000, 0x00000000df400000, 0x0000000100000000)
  eden space 75264K, 86% used [0x00000000d5580000,0x00000000d9571678,0x00000000d9f00000)
  from space 11776K, 83% used [0x00000000d9f00000,0x00000000da89eb70,0x00000000daa80000)
  to   space 12800K, 0% used [0x00000000de780000,0x00000000de780000,0x00000000df400000)
 ParOldGen       total 60416K, used 9394K [0x0000000080000000, 0x0000000083b00000, 0x00000000d5580000)
  object space 60416K, 15% used [0x0000000080000000,0x000000008092ca38,0x0000000083b00000)
 Metaspace       used 34602K, capacity 35426K, committed 35496K, reserved 1079296K
  class space    used 4747K, capacity 4976K, committed 5040K, reserved 1048576K
Event: 5.790 GC heap after
Heap after GC invocations=9 (full 1):
 PSYoungGen      total 148992K, used 9554K [0x00000000d5580000, 0x00000000df600000, 0x0000000100000000)
  eden space 136192K, 0% used [0x00000000d5580000,0x00000000d5580000,0x00000000dda80000)
  from space 12800K, 74% used [0x00000000de780000,0x00000000df0d49c0,0x00000000df400000)
  to   space 13312K, 0% used [0x00000000dda80000,0x00000000dda80000,0x00000000de780000)
 ParOldGen       total 60416K, used 9402K [0x0000000080000000, 0x0000000083b00000, 0x00000000d5580000)
  object space 60416K, 15% used [0x0000000080000000,0x000000008092ea38,0x0000000083b00000)
 Metaspace       used 34602K, capacity 35426K, committed 35496K, reserved 1079296K
  class space    used 4747K, capacity 4976K, committed 5040K, reserved 1048576K
}
Event: 5.790 GC heap before
{Heap before GC invocations=10 (full 2):
 PSYoungGen      total 148992K, used 9554K [0x00000000d5580000, 0x00000000df600000, 0x0000000100000000)
  eden space 136192K, 0% used [0x00000000d5580000,0x00000000d5580000,0x00000000dda80000)
  from space 12800K, 74% used [0x00000000de780000,0x00000000df0d49c0,0x00000000df400000)
  to   space 13312K, 0% used [0x00000000dda80000,0x00000000dda80000,0x00000000de780000)
 ParOldGen       total 60416K, used 9402K [0x0000000080000000, 0x0000000083b00000, 0x00000000d5580000)
  object space 60416K, 15% used [0x0000000080000000,0x000000008092ea38,0x0000000083b00000)
 Metaspace       used 34602K, capacity 35426K, committed 35496K, reserved 1079296K
  class space    used 4747K, capacity 4976K, committed 5040K, reserved 1048576K
Event: 5.867 GC heap after
Heap after GC invocations=10 (full 2):
 PSYoungGen      total 148992K, used 0K [0x00000000d5580000, 0x00000000df600000, 0x0000000100000000)
  eden space 136192K, 0% used [0x00000000d5580000,0x00000000d5580000,0x00000000dda80000)
  from space 12800K, 0% used [0x00000000de780000,0x00000000de780000,0x00000000df400000)
  to   space 13312K, 0% used [0x00000000dda80000,0x00000000dda80000,0x00000000de780000)
 ParOldGen       total 82944K, used 16010K [0x0000000080000000, 0x0000000085100000, 0x00000000d5580000)
  object space 82944K, 19% used [0x0000000080000000,0x0000000080fa2a60,0x0000000085100000)
 Metaspace       used 34602K, capacity 35426K, committed 35496K, reserved 1079296K
  class space    used 4747K, capacity 4976K, committed 5040K, reserved 1048576K
}

Deoptimization events (10 events):
Event: 4.873 Thread 0x000000005ba1a000 Uncommon trap: reason=unstable_if action=reinterpret pc=0x0000000002bd6fbc method=java.util.HashMap.getNode(ILjava/lang/Object;)Ljava/util/HashMap$Node; @ 53
Event: 4.873 Thread 0x000000005ba1a000 Uncommon trap: reason=unstable_if action=reinterpret pc=0x0000000002e2b668 method=java.util.HashMap.hash(Ljava/lang/Object;)I @ 1
Event: 4.951 Thread 0x000000005ba1a000 Uncommon trap: reason=unstable_if action=reinterpret pc=0x0000000003234df8 method=org.gradle.internal.reflect.PropertyAccessorType.isGetGetterName(Ljava/lang/String;)Z @ 14
Event: 4.976 Thread 0x000000005ba1a000 Uncommon trap: reason=unstable_if action=reinterpret pc=0x00000000030c45f0 method=org.objectweb.asm.ByteVector.putShort(I)Lorg/objectweb/asm/ByteVector; @ 13
Event: 5.058 Thread 0x000000005ba1a000 Uncommon trap: reason=class_check action=maybe_recompile pc=0x000000000309ca84 method=sun.misc.URLClassPath.getLoader(I)Lsun/misc/URLClassPath$Loader; @ 94
Event: 5.064 Thread 0x000000005ba1a000 Uncommon trap: reason=class_check action=maybe_recompile pc=0x000000000308cee8 method=sun.misc.URLClassPath.getLoader(I)Lsun/misc/URLClassPath$Loader; @ 239
Event: 5.168 Thread 0x0000000057ee9000 Uncommon trap: reason=unstable_if action=reinterpret pc=0x0000000002efb130 method=java.lang.ref.Reference.tryHandlePending(Z)Z @ 104
Event: 5.382 Thread 0x000000005ba1a000 Uncommon trap: reason=unstable_if action=reinterpret pc=0x0000000002c09318 method=java.net.URI.match(CJJ)Z @ 45
Event: 5.382 Thread 0x000000005ba1a000 Uncommon trap: reason=unstable_if action=reinterpret pc=0x0000000002b357c8 method=java.net.URI.match(CJJ)Z @ 19
Event: 5.594 Thread 0x000000005ba1a000 Uncommon trap: reason=unstable_if action=reinterpret pc=0x0000000003011e7c method=jdk.internal.org.objectweb.asm.Type.getArgumentsAndReturnSizes(Ljava/lang/String;)I @ 88

Classes redefined (0 events):
No events

Internal exceptions (10 events):
Event: 5.193 Thread 0x000000005ba1a000 Exception <a 'java/lang/ClassNotFoundException': org/gradle/api/internal/artifacts/dsl/DefaultRepositoryHandlerCustomizer> (0x00000000d58f1878) thrown at [C:\src\AOSP-openjdk-git\hotspot\src\share\vm\classfile\systemDictionary.cpp, line 210]
Event: 5.201 Thread 0x000000005ba1a000 Exception <a 'java/lang/ClassNotFoundException': org/gradle/api/internal/artifacts/dsl/DefaultRepositoryHandler_DecoratedCustomizer> (0x00000000d596fed0) thrown at [C:\src\AOSP-openjdk-git\hotspot\src\share\vm\classfile\systemDictionary.cpp, line 210]
Event: 5.355 Thread 0x000000005ba1a000 Exception <a 'java/lang/ClassNotFoundException': org/gradle/api/internal/artifacts/dsl/dependencies/DefaultDependencyHandler_DecoratedBeanInfo> (0x00000000d68d6e00) thrown at [C:\src\AOSP-openjdk-git\hotspot\src\share\vm\classfile\systemDictionary.cpp, li
Event: 5.356 Thread 0x000000005ba1a000 Exception <a 'java/lang/ClassNotFoundException': org/gradle/api/internal/artifacts/dsl/dependencies/DefaultDependencyHandlerBeanInfo> (0x00000000d6932090) thrown at [C:\src\AOSP-openjdk-git\hotspot\src\share\vm\classfile\systemDictionary.cpp, line 210]
Event: 5.357 Thread 0x000000005ba1a000 Exception <a 'java/lang/ClassNotFoundException': org/gradle/api/internal/artifacts/dsl/dependencies/DefaultDependencyHandlerCustomizer> (0x00000000d698e2d0) thrown at [C:\src\AOSP-openjdk-git\hotspot\src\share\vm\classfile\systemDictionary.cpp, line 210]
Event: 5.359 Thread 0x000000005ba1a000 Exception <a 'java/lang/ClassNotFoundException': org/gradle/api/internal/artifacts/dsl/dependencies/DefaultDependencyHandler_DecoratedCustomizer> (0x00000000d6a1bc28) thrown at [C:\src\AOSP-openjdk-git\hotspot\src\share\vm\classfile\systemDictionary.cpp, 
Event: 5.591 Thread 0x000000005ba1a000 Exception <a 'java/lang/IncompatibleClassChangeError': Found class java.lang.Object, but interface was expected> (0x00000000d85b8348) thrown at [C:\src\AOSP-openjdk-git\hotspot\src\share\vm\interpreter\linkResolver.cpp, line 653]
Event: 5.593 Thread 0x000000005ba1a000 Exception <a 'java/lang/NoSuchMethodError': java.lang.Object.lambda$comparing$77a9974f$1(Ljava/util/function/Function;Ljava/lang/Object;Ljava/lang/Object;)I> (0x00000000d85c38a8) thrown at [C:\src\AOSP-openjdk-git\hotspot\src\share\vm\interpreter\linkReso
Event: 5.595 Thread 0x000000005ba1a000 Exception <a 'java/lang/NoSuchMethodError': java.lang.Object.lambda$thenComparing$36697e65$1(Ljava/util/Comparator;Ljava/lang/Object;Ljava/lang/Object;)I> (0x00000000d85d7ad0) thrown at [C:\src\AOSP-openjdk-git\hotspot\src\share\vm\interpreter\linkResolve
Event: 5.597 Thread 0x000000005ba1a000 Exception <a 'java/lang/NoSuchMethodError': java.lang.Object.lambda$comparing$ea9a8b3a$1(Ljava/util/Comparator;Ljava/util/function/Function;Ljava/lang/Object;Ljava/lang/Object;)I> (0x00000000d85eecf8) thrown at [C:\src\AOSP-openjdk-git\hotspot\src\share\v

Events (10 events):
Event: 5.900 loading class com/google/common/primitives/Longs$AsciiDigits
Event: 5.900 loading class com/google/common/primitives/Longs$AsciiDigits done
Event: 5.901 loading class org/gradle/api/internal/artifacts/ivyservice/resolveengine/graph/selectors/SelectorStateResolverResults$Registration
Event: 5.901 loading class org/gradle/api/internal/artifacts/ivyservice/resolveengine/graph/selectors/SelectorStateResolverResults$Registration done
Event: 5.902 loading class org/gradle/api/internal/artifacts/ivyservice/resolveengine/graph/conflicts/DefaultConflictResolverDetails
Event: 5.902 loading class org/gradle/api/internal/artifacts/ivyservice/resolveengine/graph/conflicts/DefaultConflictResolverDetails done
Event: 5.902 loading class org/gradle/api/internal/artifacts/ivyservice/resolveengine/graph/conflicts/CompositeConflictResolver$CompositeDetails
Event: 5.902 loading class org/gradle/api/internal/artifacts/ivyservice/resolveengine/graph/conflicts/CompositeConflictResolver$CompositeDetails done
Event: 5.903 loading class org/gradle/api/internal/artifacts/ivyservice/resolveengine/graph/conflicts/VersionConflictResolutionDetails
Event: 5.903 loading class org/gradle/api/internal/artifacts/ivyservice/resolveengine/graph/conflicts/VersionConflictResolutionDetails done


Dynamic libraries:
0x000000013fe70000 - 0x000000013fea1000 	D:\AndroidStudio\jre\bin\java.exe
0x0000000076f40000 - 0x00000000770df000 	C:\Windows\SYSTEM32\ntdll.dll
0x0000000076d20000 - 0x0000000076e3f000 	C:\Windows\system32\kernel32.dll
0x000007fefcee0000 - 0x000007fefcf4a000 	C:\Windows\system32\KERNELBASE.dll
0x000007feff150000 - 0x000007feff22b000 	C:\Windows\system32\ADVAPI32.dll
0x000007fefd320000 - 0x000007fefd3bf000 	C:\Windows\system32\msvcrt.dll
0x000007fefd440000 - 0x000007fefd45f000 	C:\Windows\SYSTEM32\sechost.dll
0x000007fefd930000 - 0x000007fefda5c000 	C:\Windows\system32\RPCRT4.dll
0x0000000076e40000 - 0x0000000076f3a000 	C:\Windows\system32\USER32.dll
0x000007fefecc0000 - 0x000007fefed27000 	C:\Windows\system32\GDI32.dll
0x000007fefd310000 - 0x000007fefd31e000 	C:\Windows\system32\LPK.dll
0x000007fefd240000 - 0x000007fefd30b000 	C:\Windows\system32\USP10.dll
0x000007fefba10000 - 0x000007fefbc04000 	C:\Windows\WinSxS\amd64_microsoft.windows.common-controls_6595b64144ccf1df_6.0.7601.18837_none_fa3b1e3d17594757\COMCTL32.dll
0x000007fefd8b0000 - 0x000007fefd921000 	C:\Windows\system32\SHLWAPI.dll
0x000007fefd580000 - 0x000007fefd5ae000 	C:\Windows\system32\IMM32.DLL
0x000007fefd460000 - 0x000007fefd569000 	C:\Windows\system32\MSCTF.dll
0x0000000064fd0000 - 0x00000000650a2000 	D:\AndroidStudio\jre\jre\bin\msvcr100.dll
0x0000000064070000 - 0x00000000648bb000 	D:\AndroidStudio\jre\jre\bin\server\jvm.dll
0x000007fee24c0000 - 0x000007fee24c9000 	C:\Windows\system32\WSOCK32.dll
0x000007fefda60000 - 0x000007fefdaad000 	C:\Windows\system32\WS2_32.dll
0x000007fefd570000 - 0x000007fefd578000 	C:\Windows\system32\NSI.dll
0x000007fefa8a0000 - 0x000007fefa8db000 	C:\Windows\system32\WINMM.dll
0x000007fefbf60000 - 0x000007fefbf6c000 	C:\Windows\system32\VERSION.dll
0x00000000770f0000 - 0x00000000770f7000 	C:\Windows\system32\PSAPI.DLL
0x000007fefa3f0000 - 0x000007fefa3ff000 	D:\AndroidStudio\jre\jre\bin\verify.dll
0x000007fef3470000 - 0x000007fef3499000 	D:\AndroidStudio\jre\jre\bin\java.dll
0x000007fef5b60000 - 0x000007fef5b76000 	D:\AndroidStudio\jre\jre\bin\zip.dll
0x000007fefdf30000 - 0x000007fefecba000 	C:\Windows\system32\SHELL32.dll
0x000007fefdd30000 - 0x000007fefdf2c000 	C:\Windows\system32\ole32.dll
0x000007fefce30000 - 0x000007fefce3f000 	C:\Windows\system32\profapi.dll
0x000007fef45c0000 - 0x000007fef45da000 	D:\AndroidStudio\jre\jre\bin\net.dll
0x000007fefc640000 - 0x000007fefc695000 	C:\Windows\system32\mswsock.dll
0x000007fefc630000 - 0x000007fefc637000 	C:\Windows\System32\wship6.dll
0x000007fef3b70000 - 0x000007fef3b83000 	D:\AndroidStudio\jre\jre\bin\nio.dll
0x000007feec540000 - 0x000007feec566000 	C:\Users\Kirill\.gradle\native\31\windows-amd64\native-platform.dll
0x000007fefbf00000 - 0x000007fefbf03000 	C:\Windows\system32\api-ms-win-core-synch-l1-2-0.DLL
0x000007fefaaf0000 - 0x000007fefaafd000 	D:\AndroidStudio\jre\jre\bin\management.dll
0x000007fefc6a0000 - 0x000007fefc6b8000 	C:\Windows\system32\CRYPTSP.dll
0x000007fefc360000 - 0x000007fefc3a7000 	C:\Windows\system32\rsaenh.dll
0x000007fefc160000 - 0x000007fefc17e000 	C:\Windows\system32\USERENV.dll
0x000007fefcd60000 - 0x000007fefcd6f000 	C:\Windows\system32\CRYPTBASE.dll
0x000007fefa3a0000 - 0x000007fefa3c7000 	C:\Windows\system32\IPHLPAPI.DLL
0x000007fefa390000 - 0x000007fefa39b000 	C:\Windows\system32\WINNSI.DLL
0x000007fef9fc0000 - 0x000007fef9fd1000 	C:\Windows\system32\dhcpcsvc6.DLL
0x000007fef9fa0000 - 0x000007fef9fb8000 	C:\Windows\system32\dhcpcsvc.DLL

VM Arguments:
jvm_args: -Xmx2048m -Dfile.encoding=windows-1251 -Duser.country=RU -Duser.language=ru -Duser.variant 
java_command: org.gradle.launcher.daemon.bootstrap.GradleDaemon 6.1.1
java_class_path (initial): C:\Users\Kirill\.gradle\wrapper\dists\gradle-6.1.1-all\cfmwm155h49vnt3hynmlrsdst\gradle-6.1.1\lib\gradle-launcher-6.1.1.jar
Launcher Type: SUN_STANDARD

Environment Variables:
PATH=C:\Program Files (x86)\Common Files\Oracle\Java\javapath;C:\Program Files (x86)\NVIDIA Corporation\PhysX\Common;C:\Windows\system32;C:\Windows;C:\Windows\System32\Wbem;C:\Windows\System32\WindowsPowerShell\v1.0\;C:\Program Files\Git\cmd;C:\Program Files\mingw64\bin;C:\Program Files\nodejs\;D:\Java\bin;D:\Microsoft VS Code\bin;C:\Users\Kirill\AppData\Roaming\npm
USERNAME=Kirill
OS=Windows_NT
PROCESSOR_IDENTIFIER=Intel64 Family 6 Model 44 Stepping 2, GenuineIntel



---------------  S Y S T E M  ---------------

OS: Windows 7 , 64 bit Build 7601 (6.1.7601.24384)

CPU:total 12 (initial active 12) (6 cores per cpu, 2 threads per core) family 6 model 44 stepping 2, cmov, cx8, fxsr, mmx, sse, sse2, sse3, ssse3, sse4.1, sse4.2, popcnt, aes, clmul, ht, tsc, tscinvbit, tscinv

Memory: 4k page, physical 10476848k(2277840k free), swap 10474944k(2268k free)

vm_info: OpenJDK 64-Bit Server VM (25.242-b01) for windows-amd64 JRE (1.8.0_242-release-1644-b01), built by "builder" with MS VC++ 10.0 (VS2010)

time: Sun Nov 08 01:09:04 2020
timezone: Финляндия (зима)
elapsed time: 5 seconds (0d 0h 0m 5s)

